The system is: Darwin - 19.5.0 - x86_64
Compiling the C compiler identification source file "CMakeCCompilerId.c" succeeded.
Compiler: /Applications/Xcode.app/Contents/Developer/Toolchains/XcodeDefault.xctoolchain/usr/bin/clang 
Build flags: 
Id flags:  

The output was:
0


Compilation of the C compiler identification source "CMakeCCompilerId.c" produced "a.out"

The C compiler identification is AppleClang, found in "/Users/rbova/GithubProjects/dolphin/Build/CMakeFiles/3.18.1/CompilerIdC/a.out"

Compiling the CXX compiler identification source file "CMakeCXXCompilerId.cpp" succeeded.
Compiler: /Applications/Xcode.app/Contents/Developer/Toolchains/XcodeDefault.xctoolchain/usr/bin/clang++ 
Build flags: 
Id flags:  

The output was:
0


Compilation of the CXX compiler identification source "CMakeCXXCompilerId.cpp" produced "a.out"

The CXX compiler identification is AppleClang, found in "/Users/rbova/GithubProjects/dolphin/Build/CMakeFiles/3.18.1/CompilerIdCXX/a.out"

Detecting C compiler ABI info compiled with the following output:
Change Dir: /Users/rbova/GithubProjects/dolphin/Build/CMakeFiles/CMakeTmp

Run Build Command(s):/usr/bin/make cmTC_517be/fast && /Library/Developer/CommandLineTools/usr/bin/make  -f CMakeFiles/cmTC_517be.dir/build.make CMakeFiles/cmTC_517be.dir/build
Building C object CMakeFiles/cmTC_517be.dir/CMakeCCompilerABI.c.o
/Applications/Xcode.app/Contents/Developer/Toolchains/XcodeDefault.xctoolchain/usr/bin/clang   -isysroot /Library/Developer/CommandLineTools/SDKs/MacOSX10.9.sdk   -v -Wl,-v -o CMakeFiles/cmTC_517be.dir/CMakeCCompilerABI.c.o -c /usr/local/Cellar/cmake/3.18.1/share/cmake/Modules/CMakeCCompilerABI.c
Apple clang version 11.0.3 (clang-1103.0.32.62)
Target: x86_64-apple-darwin19.5.0
Thread model: posix
InstalledDir: /Applications/Xcode.app/Contents/Developer/Toolchains/XcodeDefault.xctoolchain/usr/bin
clang: warning: -Wl,-v: 'linker' input unused [-Wunused-command-line-argument]
 "/Applications/Xcode.app/Contents/Developer/Toolchains/XcodeDefault.xctoolchain/usr/bin/clang" -cc1 -triple x86_64-apple-macosx10.15.0 -Wdeprecated-objc-isa-usage -Werror=deprecated-objc-isa-usage -emit-obj -mrelax-all -disable-free -disable-llvm-verifier -discard-value-names -main-file-name CMakeCCompilerABI.c -mrelocation-model pic -pic-level 2 -mthread-model posix -mframe-pointer=all -fno-strict-return -masm-verbose -munwind-tables -target-sdk-version=10.15 -target-cpu penryn -dwarf-column-info -debugger-tuning=lldb -target-linker-version 556.6 -v -coverage-notes-file /Users/rbova/GithubProjects/dolphin/Build/CMakeFiles/CMakeTmp/CMakeFiles/cmTC_517be.dir/CMakeCCompilerABI.c.gcno -resource-dir /Applications/Xcode.app/Contents/Developer/Toolchains/XcodeDefault.xctoolchain/usr/lib/clang/11.0.3 -isysroot /Library/Developer/CommandLineTools/SDKs/MacOSX10.9.sdk -internal-isystem /Library/Developer/CommandLineTools/SDKs/MacOSX10.9.sdk/usr/local/include -internal-isystem /Applications/Xcode.app/Contents/Developer/Toolchains/XcodeDefault.xctoolchain/usr/lib/clang/11.0.3/include -internal-externc-isystem /Library/Developer/CommandLineTools/SDKs/MacOSX10.9.sdk/usr/include -internal-externc-isystem /Applications/Xcode.app/Contents/Developer/Toolchains/XcodeDefault.xctoolchain/usr/include -Wno-objc-signed-char-bool-implicit-int-conversion -Wno-extra-semi-stmt -Wno-quoted-include-in-framework-header -fdebug-compilation-dir /Users/rbova/GithubProjects/dolphin/Build/CMakeFiles/CMakeTmp -ferror-limit 19 -fmessage-length 0 -stack-protector 1 -fstack-check -mdarwin-stkchk-strong-link -fblocks -fencode-extended-block-signature -fregister-global-dtors-with-atexit -fobjc-runtime=macosx-10.15.0 -fmax-type-align=16 -fdiagnostics-show-option -o CMakeFiles/cmTC_517be.dir/CMakeCCompilerABI.c.o -x c /usr/local/Cellar/cmake/3.18.1/share/cmake/Modules/CMakeCCompilerABI.c
clang -cc1 version 11.0.3 (clang-1103.0.32.62) default target x86_64-apple-darwin19.5.0
ignoring nonexistent directory "/Library/Developer/CommandLineTools/SDKs/MacOSX10.9.sdk/usr/local/include"
ignoring nonexistent directory "/Library/Developer/CommandLineTools/SDKs/MacOSX10.9.sdk/Library/Frameworks"
#include "..." search starts here:
#include <...> search starts here:
 /Applications/Xcode.app/Contents/Developer/Toolchains/XcodeDefault.xctoolchain/usr/lib/clang/11.0.3/include
 /Library/Developer/CommandLineTools/SDKs/MacOSX10.9.sdk/usr/include
 /Applications/Xcode.app/Contents/Developer/Toolchains/XcodeDefault.xctoolchain/usr/include
 /Library/Developer/CommandLineTools/SDKs/MacOSX10.9.sdk/System/Library/Frameworks (framework directory)
End of search list.
Linking C executable cmTC_517be
/usr/local/Cellar/cmake/3.18.1/bin/cmake -E cmake_link_script CMakeFiles/cmTC_517be.dir/link.txt --verbose=1
/Applications/Xcode.app/Contents/Developer/Toolchains/XcodeDefault.xctoolchain/usr/bin/clang  -isysroot /Library/Developer/CommandLineTools/SDKs/MacOSX10.9.sdk -Wl,-search_paths_first -Wl,-headerpad_max_install_names  -v -Wl,-v CMakeFiles/cmTC_517be.dir/CMakeCCompilerABI.c.o -o cmTC_517be 
Apple clang version 11.0.3 (clang-1103.0.32.62)
Target: x86_64-apple-darwin19.5.0
Thread model: posix
InstalledDir: /Applications/Xcode.app/Contents/Developer/Toolchains/XcodeDefault.xctoolchain/usr/bin
 "/Applications/Xcode.app/Contents/Developer/Toolchains/XcodeDefault.xctoolchain/usr/bin/ld" -demangle -lto_library /Applications/Xcode.app/Contents/Developer/Toolchains/XcodeDefault.xctoolchain/usr/lib/libLTO.dylib -dynamic -arch x86_64 -platform_version macos 10.15.0 10.15 -syslibroot /Library/Developer/CommandLineTools/SDKs/MacOSX10.9.sdk -o cmTC_517be -search_paths_first -headerpad_max_install_names -v CMakeFiles/cmTC_517be.dir/CMakeCCompilerABI.c.o -lSystem /Applications/Xcode.app/Contents/Developer/Toolchains/XcodeDefault.xctoolchain/usr/lib/clang/11.0.3/lib/darwin/libclang_rt.osx.a
@(#)PROGRAM:ld  PROJECT:ld64-556.6
BUILD 17:57:49 Apr 24 2020
configured to support archs: armv6 armv7 armv7s arm64 arm64e arm64_32 i386 x86_64 x86_64h armv6m armv7k armv7m armv7em
Library search paths:
	/Library/Developer/CommandLineTools/SDKs/MacOSX10.9.sdk/usr/lib
Framework search paths:
	/Library/Developer/CommandLineTools/SDKs/MacOSX10.9.sdk/System/Library/Frameworks/



Parsed C implicit include dir info from above output: rv=done
  found start of include info
  found start of implicit include info
    add: [/Applications/Xcode.app/Contents/Developer/Toolchains/XcodeDefault.xctoolchain/usr/lib/clang/11.0.3/include]
    add: [/Library/Developer/CommandLineTools/SDKs/MacOSX10.9.sdk/usr/include]
    add: [/Applications/Xcode.app/Contents/Developer/Toolchains/XcodeDefault.xctoolchain/usr/include]
  end of search list found
  collapse include dir [/Applications/Xcode.app/Contents/Developer/Toolchains/XcodeDefault.xctoolchain/usr/lib/clang/11.0.3/include] ==> [/Applications/Xcode.app/Contents/Developer/Toolchains/XcodeDefault.xctoolchain/usr/lib/clang/11.0.3/include]
  collapse include dir [/Library/Developer/CommandLineTools/SDKs/MacOSX10.9.sdk/usr/include] ==> [/Library/Developer/CommandLineTools/SDKs/MacOSX10.9.sdk/usr/include]
  collapse include dir [/Applications/Xcode.app/Contents/Developer/Toolchains/XcodeDefault.xctoolchain/usr/include] ==> [/Applications/Xcode.app/Contents/Developer/Toolchains/XcodeDefault.xctoolchain/usr/include]
  implicit include dirs: [/Applications/Xcode.app/Contents/Developer/Toolchains/XcodeDefault.xctoolchain/usr/lib/clang/11.0.3/include;/Library/Developer/CommandLineTools/SDKs/MacOSX10.9.sdk/usr/include;/Applications/Xcode.app/Contents/Developer/Toolchains/XcodeDefault.xctoolchain/usr/include]


Parsed C implicit link information from above output:
  link line regex: [^( *|.*[/\])(ld|CMAKE_LINK_STARTFILE-NOTFOUND|([^/\]+-)?ld|collect2)[^/\]*( |$)]
  ignore line: [Change Dir: /Users/rbova/GithubProjects/dolphin/Build/CMakeFiles/CMakeTmp]
  ignore line: []
  ignore line: [Run Build Command(s):/usr/bin/make cmTC_517be/fast && /Library/Developer/CommandLineTools/usr/bin/make  -f CMakeFiles/cmTC_517be.dir/build.make CMakeFiles/cmTC_517be.dir/build]
  ignore line: [Building C object CMakeFiles/cmTC_517be.dir/CMakeCCompilerABI.c.o]
  ignore line: [/Applications/Xcode.app/Contents/Developer/Toolchains/XcodeDefault.xctoolchain/usr/bin/clang   -isysroot /Library/Developer/CommandLineTools/SDKs/MacOSX10.9.sdk   -v -Wl -v -o CMakeFiles/cmTC_517be.dir/CMakeCCompilerABI.c.o -c /usr/local/Cellar/cmake/3.18.1/share/cmake/Modules/CMakeCCompilerABI.c]
  ignore line: [Apple clang version 11.0.3 (clang-1103.0.32.62)]
  ignore line: [Target: x86_64-apple-darwin19.5.0]
  ignore line: [Thread model: posix]
  ignore line: [InstalledDir: /Applications/Xcode.app/Contents/Developer/Toolchains/XcodeDefault.xctoolchain/usr/bin]
  ignore line: [clang: warning: -Wl -v: 'linker' input unused [-Wunused-command-line-argument]]
  ignore line: [ "/Applications/Xcode.app/Contents/Developer/Toolchains/XcodeDefault.xctoolchain/usr/bin/clang" -cc1 -triple x86_64-apple-macosx10.15.0 -Wdeprecated-objc-isa-usage -Werror=deprecated-objc-isa-usage -emit-obj -mrelax-all -disable-free -disable-llvm-verifier -discard-value-names -main-file-name CMakeCCompilerABI.c -mrelocation-model pic -pic-level 2 -mthread-model posix -mframe-pointer=all -fno-strict-return -masm-verbose -munwind-tables -target-sdk-version=10.15 -target-cpu penryn -dwarf-column-info -debugger-tuning=lldb -target-linker-version 556.6 -v -coverage-notes-file /Users/rbova/GithubProjects/dolphin/Build/CMakeFiles/CMakeTmp/CMakeFiles/cmTC_517be.dir/CMakeCCompilerABI.c.gcno -resource-dir /Applications/Xcode.app/Contents/Developer/Toolchains/XcodeDefault.xctoolchain/usr/lib/clang/11.0.3 -isysroot /Library/Developer/CommandLineTools/SDKs/MacOSX10.9.sdk -internal-isystem /Library/Developer/CommandLineTools/SDKs/MacOSX10.9.sdk/usr/local/include -internal-isystem /Applications/Xcode.app/Contents/Developer/Toolchains/XcodeDefault.xctoolchain/usr/lib/clang/11.0.3/include -internal-externc-isystem /Library/Developer/CommandLineTools/SDKs/MacOSX10.9.sdk/usr/include -internal-externc-isystem /Applications/Xcode.app/Contents/Developer/Toolchains/XcodeDefault.xctoolchain/usr/include -Wno-objc-signed-char-bool-implicit-int-conversion -Wno-extra-semi-stmt -Wno-quoted-include-in-framework-header -fdebug-compilation-dir /Users/rbova/GithubProjects/dolphin/Build/CMakeFiles/CMakeTmp -ferror-limit 19 -fmessage-length 0 -stack-protector 1 -fstack-check -mdarwin-stkchk-strong-link -fblocks -fencode-extended-block-signature -fregister-global-dtors-with-atexit -fobjc-runtime=macosx-10.15.0 -fmax-type-align=16 -fdiagnostics-show-option -o CMakeFiles/cmTC_517be.dir/CMakeCCompilerABI.c.o -x c /usr/local/Cellar/cmake/3.18.1/share/cmake/Modules/CMakeCCompilerABI.c]
  ignore line: [clang -cc1 version 11.0.3 (clang-1103.0.32.62) default target x86_64-apple-darwin19.5.0]
  ignore line: [ignoring nonexistent directory "/Library/Developer/CommandLineTools/SDKs/MacOSX10.9.sdk/usr/local/include"]
  ignore line: [ignoring nonexistent directory "/Library/Developer/CommandLineTools/SDKs/MacOSX10.9.sdk/Library/Frameworks"]
  ignore line: [#include "..." search starts here:]
  ignore line: [#include <...> search starts here:]
  ignore line: [ /Applications/Xcode.app/Contents/Developer/Toolchains/XcodeDefault.xctoolchain/usr/lib/clang/11.0.3/include]
  ignore line: [ /Library/Developer/CommandLineTools/SDKs/MacOSX10.9.sdk/usr/include]
  ignore line: [ /Applications/Xcode.app/Contents/Developer/Toolchains/XcodeDefault.xctoolchain/usr/include]
  ignore line: [ /Library/Developer/CommandLineTools/SDKs/MacOSX10.9.sdk/System/Library/Frameworks (framework directory)]
  ignore line: [End of search list.]
  ignore line: [Linking C executable cmTC_517be]
  ignore line: [/usr/local/Cellar/cmake/3.18.1/bin/cmake -E cmake_link_script CMakeFiles/cmTC_517be.dir/link.txt --verbose=1]
  ignore line: [/Applications/Xcode.app/Contents/Developer/Toolchains/XcodeDefault.xctoolchain/usr/bin/clang  -isysroot /Library/Developer/CommandLineTools/SDKs/MacOSX10.9.sdk -Wl -search_paths_first -Wl -headerpad_max_install_names  -v -Wl -v CMakeFiles/cmTC_517be.dir/CMakeCCompilerABI.c.o -o cmTC_517be ]
  ignore line: [Apple clang version 11.0.3 (clang-1103.0.32.62)]
  ignore line: [Target: x86_64-apple-darwin19.5.0]
  ignore line: [Thread model: posix]
  ignore line: [InstalledDir: /Applications/Xcode.app/Contents/Developer/Toolchains/XcodeDefault.xctoolchain/usr/bin]
  link line: [ "/Applications/Xcode.app/Contents/Developer/Toolchains/XcodeDefault.xctoolchain/usr/bin/ld" -demangle -lto_library /Applications/Xcode.app/Contents/Developer/Toolchains/XcodeDefault.xctoolchain/usr/lib/libLTO.dylib -dynamic -arch x86_64 -platform_version macos 10.15.0 10.15 -syslibroot /Library/Developer/CommandLineTools/SDKs/MacOSX10.9.sdk -o cmTC_517be -search_paths_first -headerpad_max_install_names -v CMakeFiles/cmTC_517be.dir/CMakeCCompilerABI.c.o -lSystem /Applications/Xcode.app/Contents/Developer/Toolchains/XcodeDefault.xctoolchain/usr/lib/clang/11.0.3/lib/darwin/libclang_rt.osx.a]
    arg [/Applications/Xcode.app/Contents/Developer/Toolchains/XcodeDefault.xctoolchain/usr/bin/ld] ==> ignore
    arg [-demangle] ==> ignore
    arg [-lto_library] ==> ignore, skip following value
    arg [/Applications/Xcode.app/Contents/Developer/Toolchains/XcodeDefault.xctoolchain/usr/lib/libLTO.dylib] ==> skip value of -lto_library
    arg [-dynamic] ==> ignore
    arg [-arch] ==> ignore
    arg [x86_64] ==> ignore
    arg [-platform_version] ==> ignore
    arg [macos] ==> ignore
    arg [10.15.0] ==> ignore
    arg [10.15] ==> ignore
    arg [-syslibroot] ==> ignore
    arg [/Library/Developer/CommandLineTools/SDKs/MacOSX10.9.sdk] ==> ignore
    arg [-o] ==> ignore
    arg [cmTC_517be] ==> ignore
    arg [-search_paths_first] ==> ignore
    arg [-headerpad_max_install_names] ==> ignore
    arg [-v] ==> ignore
    arg [CMakeFiles/cmTC_517be.dir/CMakeCCompilerABI.c.o] ==> ignore
    arg [-lSystem] ==> lib [System]
    arg [/Applications/Xcode.app/Contents/Developer/Toolchains/XcodeDefault.xctoolchain/usr/lib/clang/11.0.3/lib/darwin/libclang_rt.osx.a] ==> lib [/Applications/Xcode.app/Contents/Developer/Toolchains/XcodeDefault.xctoolchain/usr/lib/clang/11.0.3/lib/darwin/libclang_rt.osx.a]
  Library search paths: [;/Library/Developer/CommandLineTools/SDKs/MacOSX10.9.sdk/usr/lib]
  Framework search paths: [;/Library/Developer/CommandLineTools/SDKs/MacOSX10.9.sdk/System/Library/Frameworks/]
  remove lib [System]
  remove lib [/Applications/Xcode.app/Contents/Developer/Toolchains/XcodeDefault.xctoolchain/usr/lib/clang/11.0.3/lib/darwin/libclang_rt.osx.a]
  collapse library dir [/Library/Developer/CommandLineTools/SDKs/MacOSX10.9.sdk/usr/lib] ==> [/Library/Developer/CommandLineTools/SDKs/MacOSX10.9.sdk/usr/lib]
  collapse framework dir [/Library/Developer/CommandLineTools/SDKs/MacOSX10.9.sdk/System/Library/Frameworks/] ==> [/Library/Developer/CommandLineTools/SDKs/MacOSX10.9.sdk/System/Library/Frameworks]
  implicit libs: []
  implicit dirs: [/Library/Developer/CommandLineTools/SDKs/MacOSX10.9.sdk/usr/lib]
  implicit fwks: [/Library/Developer/CommandLineTools/SDKs/MacOSX10.9.sdk/System/Library/Frameworks]


Detecting CXX compiler ABI info compiled with the following output:
Change Dir: /Users/rbova/GithubProjects/dolphin/Build/CMakeFiles/CMakeTmp

Run Build Command(s):/usr/bin/make cmTC_fdc1b/fast && /Library/Developer/CommandLineTools/usr/bin/make  -f CMakeFiles/cmTC_fdc1b.dir/build.make CMakeFiles/cmTC_fdc1b.dir/build
Building CXX object CMakeFiles/cmTC_fdc1b.dir/CMakeCXXCompilerABI.cpp.o
/Applications/Xcode.app/Contents/Developer/Toolchains/XcodeDefault.xctoolchain/usr/bin/clang++   -isysroot /Library/Developer/CommandLineTools/SDKs/MacOSX10.9.sdk   -v -Wl,-v -o CMakeFiles/cmTC_fdc1b.dir/CMakeCXXCompilerABI.cpp.o -c /usr/local/Cellar/cmake/3.18.1/share/cmake/Modules/CMakeCXXCompilerABI.cpp
Apple clang version 11.0.3 (clang-1103.0.32.62)
Target: x86_64-apple-darwin19.5.0
Thread model: posix
InstalledDir: /Applications/Xcode.app/Contents/Developer/Toolchains/XcodeDefault.xctoolchain/usr/bin
clang: warning: -Wl,-v: 'linker' input unused [-Wunused-command-line-argument]
 "/Applications/Xcode.app/Contents/Developer/Toolchains/XcodeDefault.xctoolchain/usr/bin/clang" -cc1 -triple x86_64-apple-macosx10.15.0 -Wdeprecated-objc-isa-usage -Werror=deprecated-objc-isa-usage -emit-obj -mrelax-all -disable-free -disable-llvm-verifier -discard-value-names -main-file-name CMakeCXXCompilerABI.cpp -mrelocation-model pic -pic-level 2 -mthread-model posix -mframe-pointer=all -fno-strict-return -masm-verbose -munwind-tables -target-sdk-version=10.15 -target-cpu penryn -dwarf-column-info -debugger-tuning=lldb -target-linker-version 556.6 -v -coverage-notes-file /Users/rbova/GithubProjects/dolphin/Build/CMakeFiles/CMakeTmp/CMakeFiles/cmTC_fdc1b.dir/CMakeCXXCompilerABI.cpp.gcno -resource-dir /Applications/Xcode.app/Contents/Developer/Toolchains/XcodeDefault.xctoolchain/usr/lib/clang/11.0.3 -isysroot /Library/Developer/CommandLineTools/SDKs/MacOSX10.9.sdk -stdlib=libc++ -internal-isystem /Applications/Xcode.app/Contents/Developer/Toolchains/XcodeDefault.xctoolchain/usr/bin/../include/c++/v1 -internal-isystem /Library/Developer/CommandLineTools/SDKs/MacOSX10.9.sdk/usr/include/c++/v1 -internal-isystem /Library/Developer/CommandLineTools/SDKs/MacOSX10.9.sdk/usr/local/include -internal-isystem /Applications/Xcode.app/Contents/Developer/Toolchains/XcodeDefault.xctoolchain/usr/lib/clang/11.0.3/include -internal-externc-isystem /Library/Developer/CommandLineTools/SDKs/MacOSX10.9.sdk/usr/include -internal-externc-isystem /Applications/Xcode.app/Contents/Developer/Toolchains/XcodeDefault.xctoolchain/usr/include -Wno-objc-signed-char-bool-implicit-int-conversion -Wno-extra-semi-stmt -Wno-quoted-include-in-framework-header -fdeprecated-macro -fdebug-compilation-dir /Users/rbova/GithubProjects/dolphin/Build/CMakeFiles/CMakeTmp -ferror-limit 19 -fmessage-length 0 -stack-protector 1 -fstack-check -mdarwin-stkchk-strong-link -fblocks -fencode-extended-block-signature -fregister-global-dtors-with-atexit -fobjc-runtime=macosx-10.15.0 -fcxx-exceptions -fexceptions -fmax-type-align=16 -fdiagnostics-show-option -o CMakeFiles/cmTC_fdc1b.dir/CMakeCXXCompilerABI.cpp.o -x c++ /usr/local/Cellar/cmake/3.18.1/share/cmake/Modules/CMakeCXXCompilerABI.cpp
clang -cc1 version 11.0.3 (clang-1103.0.32.62) default target x86_64-apple-darwin19.5.0
ignoring nonexistent directory "/Library/Developer/CommandLineTools/SDKs/MacOSX10.9.sdk/usr/include/c++/v1"
ignoring nonexistent directory "/Library/Developer/CommandLineTools/SDKs/MacOSX10.9.sdk/usr/local/include"
ignoring nonexistent directory "/Library/Developer/CommandLineTools/SDKs/MacOSX10.9.sdk/Library/Frameworks"
#include "..." search starts here:
#include <...> search starts here:
 /Applications/Xcode.app/Contents/Developer/Toolchains/XcodeDefault.xctoolchain/usr/bin/../include/c++/v1
 /Applications/Xcode.app/Contents/Developer/Toolchains/XcodeDefault.xctoolchain/usr/lib/clang/11.0.3/include
 /Library/Developer/CommandLineTools/SDKs/MacOSX10.9.sdk/usr/include
 /Applications/Xcode.app/Contents/Developer/Toolchains/XcodeDefault.xctoolchain/usr/include
 /Library/Developer/CommandLineTools/SDKs/MacOSX10.9.sdk/System/Library/Frameworks (framework directory)
End of search list.
Linking CXX executable cmTC_fdc1b
/usr/local/Cellar/cmake/3.18.1/bin/cmake -E cmake_link_script CMakeFiles/cmTC_fdc1b.dir/link.txt --verbose=1
/Applications/Xcode.app/Contents/Developer/Toolchains/XcodeDefault.xctoolchain/usr/bin/clang++  -isysroot /Library/Developer/CommandLineTools/SDKs/MacOSX10.9.sdk -Wl,-search_paths_first -Wl,-headerpad_max_install_names  -v -Wl,-v CMakeFiles/cmTC_fdc1b.dir/CMakeCXXCompilerABI.cpp.o -o cmTC_fdc1b 
Apple clang version 11.0.3 (clang-1103.0.32.62)
Target: x86_64-apple-darwin19.5.0
Thread model: posix
InstalledDir: /Applications/Xcode.app/Contents/Developer/Toolchains/XcodeDefault.xctoolchain/usr/bin
 "/Applications/Xcode.app/Contents/Developer/Toolchains/XcodeDefault.xctoolchain/usr/bin/ld" -demangle -lto_library /Applications/Xcode.app/Contents/Developer/Toolchains/XcodeDefault.xctoolchain/usr/lib/libLTO.dylib -dynamic -arch x86_64 -platform_version macos 10.15.0 10.15 -syslibroot /Library/Developer/CommandLineTools/SDKs/MacOSX10.9.sdk -o cmTC_fdc1b -search_paths_first -headerpad_max_install_names -v CMakeFiles/cmTC_fdc1b.dir/CMakeCXXCompilerABI.cpp.o -lc++ -lSystem /Applications/Xcode.app/Contents/Developer/Toolchains/XcodeDefault.xctoolchain/usr/lib/clang/11.0.3/lib/darwin/libclang_rt.osx.a
@(#)PROGRAM:ld  PROJECT:ld64-556.6
BUILD 17:57:49 Apr 24 2020
configured to support archs: armv6 armv7 armv7s arm64 arm64e arm64_32 i386 x86_64 x86_64h armv6m armv7k armv7m armv7em
Library search paths:
	/Library/Developer/CommandLineTools/SDKs/MacOSX10.9.sdk/usr/lib
Framework search paths:
	/Library/Developer/CommandLineTools/SDKs/MacOSX10.9.sdk/System/Library/Frameworks/



Parsed CXX implicit include dir info from above output: rv=done
  found start of include info
  found start of implicit include info
    add: [/Applications/Xcode.app/Contents/Developer/Toolchains/XcodeDefault.xctoolchain/usr/bin/../include/c++/v1]
    add: [/Applications/Xcode.app/Contents/Developer/Toolchains/XcodeDefault.xctoolchain/usr/lib/clang/11.0.3/include]
    add: [/Library/Developer/CommandLineTools/SDKs/MacOSX10.9.sdk/usr/include]
    add: [/Applications/Xcode.app/Contents/Developer/Toolchains/XcodeDefault.xctoolchain/usr/include]
  end of search list found
  collapse include dir [/Applications/Xcode.app/Contents/Developer/Toolchains/XcodeDefault.xctoolchain/usr/bin/../include/c++/v1] ==> [/Applications/Xcode.app/Contents/Developer/Toolchains/XcodeDefault.xctoolchain/usr/include/c++/v1]
  collapse include dir [/Applications/Xcode.app/Contents/Developer/Toolchains/XcodeDefault.xctoolchain/usr/lib/clang/11.0.3/include] ==> [/Applications/Xcode.app/Contents/Developer/Toolchains/XcodeDefault.xctoolchain/usr/lib/clang/11.0.3/include]
  collapse include dir [/Library/Developer/CommandLineTools/SDKs/MacOSX10.9.sdk/usr/include] ==> [/Library/Developer/CommandLineTools/SDKs/MacOSX10.9.sdk/usr/include]
  collapse include dir [/Applications/Xcode.app/Contents/Developer/Toolchains/XcodeDefault.xctoolchain/usr/include] ==> [/Applications/Xcode.app/Contents/Developer/Toolchains/XcodeDefault.xctoolchain/usr/include]
  implicit include dirs: [/Applications/Xcode.app/Contents/Developer/Toolchains/XcodeDefault.xctoolchain/usr/include/c++/v1;/Applications/Xcode.app/Contents/Developer/Toolchains/XcodeDefault.xctoolchain/usr/lib/clang/11.0.3/include;/Library/Developer/CommandLineTools/SDKs/MacOSX10.9.sdk/usr/include;/Applications/Xcode.app/Contents/Developer/Toolchains/XcodeDefault.xctoolchain/usr/include]


Parsed CXX implicit link information from above output:
  link line regex: [^( *|.*[/\])(ld|CMAKE_LINK_STARTFILE-NOTFOUND|([^/\]+-)?ld|collect2)[^/\]*( |$)]
  ignore line: [Change Dir: /Users/rbova/GithubProjects/dolphin/Build/CMakeFiles/CMakeTmp]
  ignore line: []
  ignore line: [Run Build Command(s):/usr/bin/make cmTC_fdc1b/fast && /Library/Developer/CommandLineTools/usr/bin/make  -f CMakeFiles/cmTC_fdc1b.dir/build.make CMakeFiles/cmTC_fdc1b.dir/build]
  ignore line: [Building CXX object CMakeFiles/cmTC_fdc1b.dir/CMakeCXXCompilerABI.cpp.o]
  ignore line: [/Applications/Xcode.app/Contents/Developer/Toolchains/XcodeDefault.xctoolchain/usr/bin/clang++   -isysroot /Library/Developer/CommandLineTools/SDKs/MacOSX10.9.sdk   -v -Wl -v -o CMakeFiles/cmTC_fdc1b.dir/CMakeCXXCompilerABI.cpp.o -c /usr/local/Cellar/cmake/3.18.1/share/cmake/Modules/CMakeCXXCompilerABI.cpp]
  ignore line: [Apple clang version 11.0.3 (clang-1103.0.32.62)]
  ignore line: [Target: x86_64-apple-darwin19.5.0]
  ignore line: [Thread model: posix]
  ignore line: [InstalledDir: /Applications/Xcode.app/Contents/Developer/Toolchains/XcodeDefault.xctoolchain/usr/bin]
  ignore line: [clang: warning: -Wl -v: 'linker' input unused [-Wunused-command-line-argument]]
  ignore line: [ "/Applications/Xcode.app/Contents/Developer/Toolchains/XcodeDefault.xctoolchain/usr/bin/clang" -cc1 -triple x86_64-apple-macosx10.15.0 -Wdeprecated-objc-isa-usage -Werror=deprecated-objc-isa-usage -emit-obj -mrelax-all -disable-free -disable-llvm-verifier -discard-value-names -main-file-name CMakeCXXCompilerABI.cpp -mrelocation-model pic -pic-level 2 -mthread-model posix -mframe-pointer=all -fno-strict-return -masm-verbose -munwind-tables -target-sdk-version=10.15 -target-cpu penryn -dwarf-column-info -debugger-tuning=lldb -target-linker-version 556.6 -v -coverage-notes-file /Users/rbova/GithubProjects/dolphin/Build/CMakeFiles/CMakeTmp/CMakeFiles/cmTC_fdc1b.dir/CMakeCXXCompilerABI.cpp.gcno -resource-dir /Applications/Xcode.app/Contents/Developer/Toolchains/XcodeDefault.xctoolchain/usr/lib/clang/11.0.3 -isysroot /Library/Developer/CommandLineTools/SDKs/MacOSX10.9.sdk -stdlib=libc++ -internal-isystem /Applications/Xcode.app/Contents/Developer/Toolchains/XcodeDefault.xctoolchain/usr/bin/../include/c++/v1 -internal-isystem /Library/Developer/CommandLineTools/SDKs/MacOSX10.9.sdk/usr/include/c++/v1 -internal-isystem /Library/Developer/CommandLineTools/SDKs/MacOSX10.9.sdk/usr/local/include -internal-isystem /Applications/Xcode.app/Contents/Developer/Toolchains/XcodeDefault.xctoolchain/usr/lib/clang/11.0.3/include -internal-externc-isystem /Library/Developer/CommandLineTools/SDKs/MacOSX10.9.sdk/usr/include -internal-externc-isystem /Applications/Xcode.app/Contents/Developer/Toolchains/XcodeDefault.xctoolchain/usr/include -Wno-objc-signed-char-bool-implicit-int-conversion -Wno-extra-semi-stmt -Wno-quoted-include-in-framework-header -fdeprecated-macro -fdebug-compilation-dir /Users/rbova/GithubProjects/dolphin/Build/CMakeFiles/CMakeTmp -ferror-limit 19 -fmessage-length 0 -stack-protector 1 -fstack-check -mdarwin-stkchk-strong-link -fblocks -fencode-extended-block-signature -fregister-global-dtors-with-atexit -fobjc-runtime=macosx-10.15.0 -fcxx-exceptions -fexceptions -fmax-type-align=16 -fdiagnostics-show-option -o CMakeFiles/cmTC_fdc1b.dir/CMakeCXXCompilerABI.cpp.o -x c++ /usr/local/Cellar/cmake/3.18.1/share/cmake/Modules/CMakeCXXCompilerABI.cpp]
  ignore line: [clang -cc1 version 11.0.3 (clang-1103.0.32.62) default target x86_64-apple-darwin19.5.0]
  ignore line: [ignoring nonexistent directory "/Library/Developer/CommandLineTools/SDKs/MacOSX10.9.sdk/usr/include/c++/v1"]
  ignore line: [ignoring nonexistent directory "/Library/Developer/CommandLineTools/SDKs/MacOSX10.9.sdk/usr/local/include"]
  ignore line: [ignoring nonexistent directory "/Library/Developer/CommandLineTools/SDKs/MacOSX10.9.sdk/Library/Frameworks"]
  ignore line: [#include "..." search starts here:]
  ignore line: [#include <...> search starts here:]
  ignore line: [ /Applications/Xcode.app/Contents/Developer/Toolchains/XcodeDefault.xctoolchain/usr/bin/../include/c++/v1]
  ignore line: [ /Applications/Xcode.app/Contents/Developer/Toolchains/XcodeDefault.xctoolchain/usr/lib/clang/11.0.3/include]
  ignore line: [ /Library/Developer/CommandLineTools/SDKs/MacOSX10.9.sdk/usr/include]
  ignore line: [ /Applications/Xcode.app/Contents/Developer/Toolchains/XcodeDefault.xctoolchain/usr/include]
  ignore line: [ /Library/Developer/CommandLineTools/SDKs/MacOSX10.9.sdk/System/Library/Frameworks (framework directory)]
  ignore line: [End of search list.]
  ignore line: [Linking CXX executable cmTC_fdc1b]
  ignore line: [/usr/local/Cellar/cmake/3.18.1/bin/cmake -E cmake_link_script CMakeFiles/cmTC_fdc1b.dir/link.txt --verbose=1]
  ignore line: [/Applications/Xcode.app/Contents/Developer/Toolchains/XcodeDefault.xctoolchain/usr/bin/clang++  -isysroot /Library/Developer/CommandLineTools/SDKs/MacOSX10.9.sdk -Wl -search_paths_first -Wl -headerpad_max_install_names  -v -Wl -v CMakeFiles/cmTC_fdc1b.dir/CMakeCXXCompilerABI.cpp.o -o cmTC_fdc1b ]
  ignore line: [Apple clang version 11.0.3 (clang-1103.0.32.62)]
  ignore line: [Target: x86_64-apple-darwin19.5.0]
  ignore line: [Thread model: posix]
  ignore line: [InstalledDir: /Applications/Xcode.app/Contents/Developer/Toolchains/XcodeDefault.xctoolchain/usr/bin]
  link line: [ "/Applications/Xcode.app/Contents/Developer/Toolchains/XcodeDefault.xctoolchain/usr/bin/ld" -demangle -lto_library /Applications/Xcode.app/Contents/Developer/Toolchains/XcodeDefault.xctoolchain/usr/lib/libLTO.dylib -dynamic -arch x86_64 -platform_version macos 10.15.0 10.15 -syslibroot /Library/Developer/CommandLineTools/SDKs/MacOSX10.9.sdk -o cmTC_fdc1b -search_paths_first -headerpad_max_install_names -v CMakeFiles/cmTC_fdc1b.dir/CMakeCXXCompilerABI.cpp.o -lc++ -lSystem /Applications/Xcode.app/Contents/Developer/Toolchains/XcodeDefault.xctoolchain/usr/lib/clang/11.0.3/lib/darwin/libclang_rt.osx.a]
    arg [/Applications/Xcode.app/Contents/Developer/Toolchains/XcodeDefault.xctoolchain/usr/bin/ld] ==> ignore
    arg [-demangle] ==> ignore
    arg [-lto_library] ==> ignore, skip following value
    arg [/Applications/Xcode.app/Contents/Developer/Toolchains/XcodeDefault.xctoolchain/usr/lib/libLTO.dylib] ==> skip value of -lto_library
    arg [-dynamic] ==> ignore
    arg [-arch] ==> ignore
    arg [x86_64] ==> ignore
    arg [-platform_version] ==> ignore
    arg [macos] ==> ignore
    arg [10.15.0] ==> ignore
    arg [10.15] ==> ignore
    arg [-syslibroot] ==> ignore
    arg [/Library/Developer/CommandLineTools/SDKs/MacOSX10.9.sdk] ==> ignore
    arg [-o] ==> ignore
    arg [cmTC_fdc1b] ==> ignore
    arg [-search_paths_first] ==> ignore
    arg [-headerpad_max_install_names] ==> ignore
    arg [-v] ==> ignore
    arg [CMakeFiles/cmTC_fdc1b.dir/CMakeCXXCompilerABI.cpp.o] ==> ignore
    arg [-lc++] ==> lib [c++]
    arg [-lSystem] ==> lib [System]
    arg [/Applications/Xcode.app/Contents/Developer/Toolchains/XcodeDefault.xctoolchain/usr/lib/clang/11.0.3/lib/darwin/libclang_rt.osx.a] ==> lib [/Applications/Xcode.app/Contents/Developer/Toolchains/XcodeDefault.xctoolchain/usr/lib/clang/11.0.3/lib/darwin/libclang_rt.osx.a]
  Library search paths: [;/Library/Developer/CommandLineTools/SDKs/MacOSX10.9.sdk/usr/lib]
  Framework search paths: [;/Library/Developer/CommandLineTools/SDKs/MacOSX10.9.sdk/System/Library/Frameworks/]
  remove lib [System]
  remove lib [/Applications/Xcode.app/Contents/Developer/Toolchains/XcodeDefault.xctoolchain/usr/lib/clang/11.0.3/lib/darwin/libclang_rt.osx.a]
  collapse library dir [/Library/Developer/CommandLineTools/SDKs/MacOSX10.9.sdk/usr/lib] ==> [/Library/Developer/CommandLineTools/SDKs/MacOSX10.9.sdk/usr/lib]
  collapse framework dir [/Library/Developer/CommandLineTools/SDKs/MacOSX10.9.sdk/System/Library/Frameworks/] ==> [/Library/Developer/CommandLineTools/SDKs/MacOSX10.9.sdk/System/Library/Frameworks]
  implicit libs: [c++]
  implicit dirs: [/Library/Developer/CommandLineTools/SDKs/MacOSX10.9.sdk/usr/lib]
  implicit fwks: [/Library/Developer/CommandLineTools/SDKs/MacOSX10.9.sdk/System/Library/Frameworks]


Performing C++ SOURCE FILE Test FLAG_TYPE_LIMITS succeeded with the following output:
Change Dir: /Users/rbova/GithubProjects/dolphin/Build/CMakeFiles/CMakeTmp

Run Build Command(s):/usr/bin/make cmTC_be38a/fast && /Library/Developer/CommandLineTools/usr/bin/make  -f CMakeFiles/cmTC_be38a.dir/build.make CMakeFiles/cmTC_be38a.dir/build
Building CXX object CMakeFiles/cmTC_be38a.dir/src.cxx.o
/Applications/Xcode.app/Contents/Developer/Toolchains/XcodeDefault.xctoolchain/usr/bin/clang++   -DFLAG_TYPE_LIMITS -isysroot /Library/Developer/CommandLineTools/SDKs/MacOSX10.9.sdk   -Wtype-limits -o CMakeFiles/cmTC_be38a.dir/src.cxx.o -c /Users/rbova/GithubProjects/dolphin/Build/CMakeFiles/CMakeTmp/src.cxx
Linking CXX executable cmTC_be38a
/usr/local/Cellar/cmake/3.18.1/bin/cmake -E cmake_link_script CMakeFiles/cmTC_be38a.dir/link.txt --verbose=1
/Applications/Xcode.app/Contents/Developer/Toolchains/XcodeDefault.xctoolchain/usr/bin/clang++  -DFLAG_TYPE_LIMITS -isysroot /Library/Developer/CommandLineTools/SDKs/MacOSX10.9.sdk -Wl,-search_paths_first -Wl,-headerpad_max_install_names CMakeFiles/cmTC_be38a.dir/src.cxx.o -o cmTC_be38a 


Source file was:
int main() { return 0; }
Performing C++ SOURCE FILE Test FLAG_SIGN_COMPARE succeeded with the following output:
Change Dir: /Users/rbova/GithubProjects/dolphin/Build/CMakeFiles/CMakeTmp

Run Build Command(s):/usr/bin/make cmTC_13b8e/fast && /Library/Developer/CommandLineTools/usr/bin/make  -f CMakeFiles/cmTC_13b8e.dir/build.make CMakeFiles/cmTC_13b8e.dir/build
Building CXX object CMakeFiles/cmTC_13b8e.dir/src.cxx.o
/Applications/Xcode.app/Contents/Developer/Toolchains/XcodeDefault.xctoolchain/usr/bin/clang++   -Wtype-limits -DFLAG_SIGN_COMPARE -isysroot /Library/Developer/CommandLineTools/SDKs/MacOSX10.9.sdk   -Wsign-compare -o CMakeFiles/cmTC_13b8e.dir/src.cxx.o -c /Users/rbova/GithubProjects/dolphin/Build/CMakeFiles/CMakeTmp/src.cxx
Linking CXX executable cmTC_13b8e
/usr/local/Cellar/cmake/3.18.1/bin/cmake -E cmake_link_script CMakeFiles/cmTC_13b8e.dir/link.txt --verbose=1
/Applications/Xcode.app/Contents/Developer/Toolchains/XcodeDefault.xctoolchain/usr/bin/clang++  -Wtype-limits -DFLAG_SIGN_COMPARE -isysroot /Library/Developer/CommandLineTools/SDKs/MacOSX10.9.sdk -Wl,-search_paths_first -Wl,-headerpad_max_install_names CMakeFiles/cmTC_13b8e.dir/src.cxx.o -o cmTC_13b8e 


Source file was:
int main() { return 0; }
Performing C++ SOURCE FILE Test FLAG_IGNORED_QUALIFIERS succeeded with the following output:
Change Dir: /Users/rbova/GithubProjects/dolphin/Build/CMakeFiles/CMakeTmp

Run Build Command(s):/usr/bin/make cmTC_a1240/fast && /Library/Developer/CommandLineTools/usr/bin/make  -f CMakeFiles/cmTC_a1240.dir/build.make CMakeFiles/cmTC_a1240.dir/build
Building CXX object CMakeFiles/cmTC_a1240.dir/src.cxx.o
/Applications/Xcode.app/Contents/Developer/Toolchains/XcodeDefault.xctoolchain/usr/bin/clang++   -Wtype-limits -Wsign-compare -DFLAG_IGNORED_QUALIFIERS -isysroot /Library/Developer/CommandLineTools/SDKs/MacOSX10.9.sdk   -Wignored-qualifiers -o CMakeFiles/cmTC_a1240.dir/src.cxx.o -c /Users/rbova/GithubProjects/dolphin/Build/CMakeFiles/CMakeTmp/src.cxx
Linking CXX executable cmTC_a1240
/usr/local/Cellar/cmake/3.18.1/bin/cmake -E cmake_link_script CMakeFiles/cmTC_a1240.dir/link.txt --verbose=1
/Applications/Xcode.app/Contents/Developer/Toolchains/XcodeDefault.xctoolchain/usr/bin/clang++  -Wtype-limits -Wsign-compare -DFLAG_IGNORED_QUALIFIERS -isysroot /Library/Developer/CommandLineTools/SDKs/MacOSX10.9.sdk -Wl,-search_paths_first -Wl,-headerpad_max_install_names CMakeFiles/cmTC_a1240.dir/src.cxx.o -o cmTC_a1240 


Source file was:
int main() { return 0; }
Performing C++ SOURCE FILE Test FLAG_UNINITIALIZED succeeded with the following output:
Change Dir: /Users/rbova/GithubProjects/dolphin/Build/CMakeFiles/CMakeTmp

Run Build Command(s):/usr/bin/make cmTC_11748/fast && /Library/Developer/CommandLineTools/usr/bin/make  -f CMakeFiles/cmTC_11748.dir/build.make CMakeFiles/cmTC_11748.dir/build
Building CXX object CMakeFiles/cmTC_11748.dir/src.cxx.o
/Applications/Xcode.app/Contents/Developer/Toolchains/XcodeDefault.xctoolchain/usr/bin/clang++   -Wtype-limits -Wsign-compare -Wignored-qualifiers -DFLAG_UNINITIALIZED -isysroot /Library/Developer/CommandLineTools/SDKs/MacOSX10.9.sdk   -Wuninitialized -o CMakeFiles/cmTC_11748.dir/src.cxx.o -c /Users/rbova/GithubProjects/dolphin/Build/CMakeFiles/CMakeTmp/src.cxx
Linking CXX executable cmTC_11748
/usr/local/Cellar/cmake/3.18.1/bin/cmake -E cmake_link_script CMakeFiles/cmTC_11748.dir/link.txt --verbose=1
/Applications/Xcode.app/Contents/Developer/Toolchains/XcodeDefault.xctoolchain/usr/bin/clang++  -Wtype-limits -Wsign-compare -Wignored-qualifiers -DFLAG_UNINITIALIZED -isysroot /Library/Developer/CommandLineTools/SDKs/MacOSX10.9.sdk -Wl,-search_paths_first -Wl,-headerpad_max_install_names CMakeFiles/cmTC_11748.dir/src.cxx.o -o cmTC_11748 


Source file was:
int main() { return 0; }
Performing C++ SOURCE FILE Test FLAG_SHADOW succeeded with the following output:
Change Dir: /Users/rbova/GithubProjects/dolphin/Build/CMakeFiles/CMakeTmp

Run Build Command(s):/usr/bin/make cmTC_921c9/fast && /Library/Developer/CommandLineTools/usr/bin/make  -f CMakeFiles/cmTC_921c9.dir/build.make CMakeFiles/cmTC_921c9.dir/build
Building CXX object CMakeFiles/cmTC_921c9.dir/src.cxx.o
/Applications/Xcode.app/Contents/Developer/Toolchains/XcodeDefault.xctoolchain/usr/bin/clang++   -Wtype-limits -Wsign-compare -Wignored-qualifiers -Wuninitialized -DFLAG_SHADOW -isysroot /Library/Developer/CommandLineTools/SDKs/MacOSX10.9.sdk   -Wshadow -o CMakeFiles/cmTC_921c9.dir/src.cxx.o -c /Users/rbova/GithubProjects/dolphin/Build/CMakeFiles/CMakeTmp/src.cxx
Linking CXX executable cmTC_921c9
/usr/local/Cellar/cmake/3.18.1/bin/cmake -E cmake_link_script CMakeFiles/cmTC_921c9.dir/link.txt --verbose=1
/Applications/Xcode.app/Contents/Developer/Toolchains/XcodeDefault.xctoolchain/usr/bin/clang++  -Wtype-limits -Wsign-compare -Wignored-qualifiers -Wuninitialized -DFLAG_SHADOW -isysroot /Library/Developer/CommandLineTools/SDKs/MacOSX10.9.sdk -Wl,-search_paths_first -Wl,-headerpad_max_install_names CMakeFiles/cmTC_921c9.dir/src.cxx.o -o cmTC_921c9 


Source file was:
int main() { return 0; }
Performing C++ SOURCE FILE Test FLAG_INIT_SELF succeeded with the following output:
Change Dir: /Users/rbova/GithubProjects/dolphin/Build/CMakeFiles/CMakeTmp

Run Build Command(s):/usr/bin/make cmTC_514eb/fast && /Library/Developer/CommandLineTools/usr/bin/make  -f CMakeFiles/cmTC_514eb.dir/build.make CMakeFiles/cmTC_514eb.dir/build
Building CXX object CMakeFiles/cmTC_514eb.dir/src.cxx.o
/Applications/Xcode.app/Contents/Developer/Toolchains/XcodeDefault.xctoolchain/usr/bin/clang++   -Wtype-limits -Wsign-compare -Wignored-qualifiers -Wuninitialized -Wshadow -DFLAG_INIT_SELF -isysroot /Library/Developer/CommandLineTools/SDKs/MacOSX10.9.sdk   -Winit-self -o CMakeFiles/cmTC_514eb.dir/src.cxx.o -c /Users/rbova/GithubProjects/dolphin/Build/CMakeFiles/CMakeTmp/src.cxx
Linking CXX executable cmTC_514eb
/usr/local/Cellar/cmake/3.18.1/bin/cmake -E cmake_link_script CMakeFiles/cmTC_514eb.dir/link.txt --verbose=1
/Applications/Xcode.app/Contents/Developer/Toolchains/XcodeDefault.xctoolchain/usr/bin/clang++  -Wtype-limits -Wsign-compare -Wignored-qualifiers -Wuninitialized -Wshadow -DFLAG_INIT_SELF -isysroot /Library/Developer/CommandLineTools/SDKs/MacOSX10.9.sdk -Wl,-search_paths_first -Wl,-headerpad_max_install_names CMakeFiles/cmTC_514eb.dir/src.cxx.o -o cmTC_514eb 


Source file was:
int main() { return 0; }
Performing C++ SOURCE FILE Test FLAG_MISSING_DECLARATIONS succeeded with the following output:
Change Dir: /Users/rbova/GithubProjects/dolphin/Build/CMakeFiles/CMakeTmp

Run Build Command(s):/usr/bin/make cmTC_de053/fast && /Library/Developer/CommandLineTools/usr/bin/make  -f CMakeFiles/cmTC_de053.dir/build.make CMakeFiles/cmTC_de053.dir/build
Building CXX object CMakeFiles/cmTC_de053.dir/src.cxx.o
/Applications/Xcode.app/Contents/Developer/Toolchains/XcodeDefault.xctoolchain/usr/bin/clang++   -Wtype-limits -Wsign-compare -Wignored-qualifiers -Wuninitialized -Wshadow -Winit-self -DFLAG_MISSING_DECLARATIONS -isysroot /Library/Developer/CommandLineTools/SDKs/MacOSX10.9.sdk   -Wmissing-declarations -o CMakeFiles/cmTC_de053.dir/src.cxx.o -c /Users/rbova/GithubProjects/dolphin/Build/CMakeFiles/CMakeTmp/src.cxx
Linking CXX executable cmTC_de053
/usr/local/Cellar/cmake/3.18.1/bin/cmake -E cmake_link_script CMakeFiles/cmTC_de053.dir/link.txt --verbose=1
/Applications/Xcode.app/Contents/Developer/Toolchains/XcodeDefault.xctoolchain/usr/bin/clang++  -Wtype-limits -Wsign-compare -Wignored-qualifiers -Wuninitialized -Wshadow -Winit-self -DFLAG_MISSING_DECLARATIONS -isysroot /Library/Developer/CommandLineTools/SDKs/MacOSX10.9.sdk -Wl,-search_paths_first -Wl,-headerpad_max_install_names CMakeFiles/cmTC_de053.dir/src.cxx.o -o cmTC_de053 


Source file was:
int main() { return 0; }
Performing C++ SOURCE FILE Test FLAG_MISSING_VARIABLE_DECLARATIONS succeeded with the following output:
Change Dir: /Users/rbova/GithubProjects/dolphin/Build/CMakeFiles/CMakeTmp

Run Build Command(s):/usr/bin/make cmTC_f7ff8/fast && /Library/Developer/CommandLineTools/usr/bin/make  -f CMakeFiles/cmTC_f7ff8.dir/build.make CMakeFiles/cmTC_f7ff8.dir/build
Building CXX object CMakeFiles/cmTC_f7ff8.dir/src.cxx.o
/Applications/Xcode.app/Contents/Developer/Toolchains/XcodeDefault.xctoolchain/usr/bin/clang++   -Wtype-limits -Wsign-compare -Wignored-qualifiers -Wuninitialized -Wshadow -Winit-self -Wmissing-declarations -DFLAG_MISSING_VARIABLE_DECLARATIONS -isysroot /Library/Developer/CommandLineTools/SDKs/MacOSX10.9.sdk   -Wmissing-variable-declarations -o CMakeFiles/cmTC_f7ff8.dir/src.cxx.o -c /Users/rbova/GithubProjects/dolphin/Build/CMakeFiles/CMakeTmp/src.cxx
Linking CXX executable cmTC_f7ff8
/usr/local/Cellar/cmake/3.18.1/bin/cmake -E cmake_link_script CMakeFiles/cmTC_f7ff8.dir/link.txt --verbose=1
/Applications/Xcode.app/Contents/Developer/Toolchains/XcodeDefault.xctoolchain/usr/bin/clang++  -Wtype-limits -Wsign-compare -Wignored-qualifiers -Wuninitialized -Wshadow -Winit-self -Wmissing-declarations -DFLAG_MISSING_VARIABLE_DECLARATIONS -isysroot /Library/Developer/CommandLineTools/SDKs/MacOSX10.9.sdk -Wl,-search_paths_first -Wl,-headerpad_max_install_names CMakeFiles/cmTC_f7ff8.dir/src.cxx.o -o cmTC_f7ff8 


Source file was:
int main() { return 0; }
Performing C++ SOURCE FILE Test FLAG_VISIBILITY_INLINES_HIDDEN succeeded with the following output:
Change Dir: /Users/rbova/GithubProjects/dolphin/Build/CMakeFiles/CMakeTmp

Run Build Command(s):/usr/bin/make cmTC_e1bff/fast && /Library/Developer/CommandLineTools/usr/bin/make  -f CMakeFiles/cmTC_e1bff.dir/build.make CMakeFiles/cmTC_e1bff.dir/build
Building CXX object CMakeFiles/cmTC_e1bff.dir/src.cxx.o
/Applications/Xcode.app/Contents/Developer/Toolchains/XcodeDefault.xctoolchain/usr/bin/clang++   -Wtype-limits -Wsign-compare -Wignored-qualifiers -Wuninitialized -Wshadow -Winit-self -Wmissing-declarations -Wmissing-variable-declarations -DFLAG_VISIBILITY_INLINES_HIDDEN -isysroot /Library/Developer/CommandLineTools/SDKs/MacOSX10.9.sdk   -fvisibility-inlines-hidden -o CMakeFiles/cmTC_e1bff.dir/src.cxx.o -c /Users/rbova/GithubProjects/dolphin/Build/CMakeFiles/CMakeTmp/src.cxx
Linking CXX executable cmTC_e1bff
/usr/local/Cellar/cmake/3.18.1/bin/cmake -E cmake_link_script CMakeFiles/cmTC_e1bff.dir/link.txt --verbose=1
/Applications/Xcode.app/Contents/Developer/Toolchains/XcodeDefault.xctoolchain/usr/bin/clang++  -Wtype-limits -Wsign-compare -Wignored-qualifiers -Wuninitialized -Wshadow -Winit-self -Wmissing-declarations -Wmissing-variable-declarations -DFLAG_VISIBILITY_INLINES_HIDDEN -isysroot /Library/Developer/CommandLineTools/SDKs/MacOSX10.9.sdk -Wl,-search_paths_first -Wl,-headerpad_max_install_names CMakeFiles/cmTC_e1bff.dir/src.cxx.o -o cmTC_e1bff 


Source file was:
int main() { return 0; }
